[debug] [2026-01-29T14:27:14.449Z] ----------------------------------------------------------------------
[debug] [2026-01-29T14:27:14.452Z] Command:       /home/arunwtf/.nvm/versions/node/v22.18.0/bin/node /home/arunwtf/.nvm/versions/node/v22.18.0/bin/firebase init
[debug] [2026-01-29T14:27:14.452Z] CLI Version:   15.4.0
[debug] [2026-01-29T14:27:14.452Z] Platform:      linux
[debug] [2026-01-29T14:27:14.452Z] Node Version:  v22.18.0
[debug] [2026-01-29T14:27:14.453Z] Time:          Thu Jan 29 2026 19:57:14 GMT+0530 (India Standard Time)
[debug] [2026-01-29T14:27:14.453Z] ----------------------------------------------------------------------
[debug] 
[debug] [2026-01-29T14:27:14.455Z] >>> [apiv2][query] GET https://firebase-public.firebaseio.com/cli.json [none]
[info] 
     ######## #### ########  ######## ########     ###     ######  ########
     ##        ##  ##     ## ##       ##     ##  ##   ##  ##       ##
     ######    ##  ########  ######   ########  #########  ######  ######
     ##        ##  ##    ##  ##       ##     ## ##     ##       ## ##
     ##       #### ##     ## ######## ########  ##     ##  ######  ########

You're about to initialize a Firebase project in this directory:

  /home/arunwtf/p/wedding-invite-2

[debug] [2026-01-29T14:27:16.026Z] <<< [apiv2][status] GET https://firebase-public.firebaseio.com/cli.json 200
[debug] [2026-01-29T14:27:16.026Z] <<< [apiv2][body] GET https://firebase-public.firebaseio.com/cli.json {"cloudBuildErrorAfter":1594252800000,"cloudBuildWarnAfter":1590019200000,"defaultNode10After":1594252800000,"minVersion":"3.0.5","node8DeploysDisabledAfter":1613390400000,"node8RuntimeDisabledAfter":1615809600000,"node8WarnAfter":1600128000000}
[info] 
=== Project Setup
[info] 
[info] First, let's associate this project directory with a Firebase project.
[info] You can create multiple project aliases by running firebase use --add, 
[info] 
[debug] [2026-01-29T14:27:26.138Z] > command requires scopes: ["email","openid","https://www.googleapis.com/auth/cloudplatformprojects.readonly","https://www.googleapis.com/auth/firebase","https://www.googleapis.com/auth/cloud-platform"]
[debug] [2026-01-29T14:27:26.139Z] > authorizing via signed-in user (girishmroy143@gmail.com)
[debug] [2026-01-29T14:27:26.140Z] Checked if tokens are valid: false, expires at: 1759863284942
[debug] [2026-01-29T14:27:26.140Z] Checked if tokens are valid: false, expires at: 1759863284942
[debug] [2026-01-29T14:27:26.140Z] > refreshing access token with scopes: []
[debug] [2026-01-29T14:27:26.142Z] >>> [apiv2][query] POST https://www.googleapis.com/oauth2/v3/token [none]
[debug] [2026-01-29T14:27:26.142Z] >>> [apiv2][body] POST https://www.googleapis.com/oauth2/v3/token [omitted]
[debug] [2026-01-29T14:27:26.290Z] <<< [apiv2][status] POST https://www.googleapis.com/oauth2/v3/token 200
[debug] [2026-01-29T14:27:26.290Z] <<< [apiv2][body] POST https://www.googleapis.com/oauth2/v3/token [omitted]
[debug] [2026-01-29T14:27:26.308Z] >>> [apiv2][query] GET https://firebase.googleapis.com/v1beta1/projects pageSize=100
[debug] [2026-01-29T14:27:27.082Z] <<< [apiv2][status] GET https://firebase.googleapis.com/v1beta1/projects 200
[debug] [2026-01-29T14:27:27.082Z] <<< [apiv2][body] GET https://firebase.googleapis.com/v1beta1/projects [omitted]
[info] 
=== Hosting Setup
[debug] [2026-01-29T14:27:36.211Z] Checked if tokens are valid: true, expires at: 1769700445290
[debug] [2026-01-29T14:27:36.212Z] Checked if tokens are valid: true, expires at: 1769700445290
[debug] [2026-01-29T14:27:36.212Z] >>> [apiv2][query] GET https://firebase.googleapis.com/v1beta1/projects/manikantaanddivya-66d6a [none]
[debug] [2026-01-29T14:27:36.909Z] <<< [apiv2][status] GET https://firebase.googleapis.com/v1beta1/projects/manikantaanddivya-66d6a 200
[debug] [2026-01-29T14:27:36.909Z] <<< [apiv2][body] GET https://firebase.googleapis.com/v1beta1/projects/manikantaanddivya-66d6a {"projectId":"manikantaanddivya-66d6a","projectNumber":"833231793391","displayName":"ManikantaAndDivya","name":"projects/manikantaanddivya-66d6a","resources":{"hostingSite":"manikantaanddivya-66d6a"},"state":"ACTIVE","etag":"1_f4cc6a4a-9e9c-4515-a1ae-eaa5718136ef"}
[info] 
[info] Your public directory is the folder (relative to your project directory) that
[info] will contain Hosting assets to be uploaded with firebase deploy. If you
[info] have a build process for your assets, use your build's output directory.
[info] 
[debug] [2026-01-29T17:01:21.683Z] ExitPromptError: User force closed the prompt with SIGINT
    at Interface.sigint (/home/arunwtf/.nvm/versions/node/v22.18.0/lib/node_modules/firebase-tools/node_modules/@inquirer/core/dist/commonjs/lib/create-prompt.js:101:37)
    at Interface.emit (node:events:518:28)
    at [_ttyWrite] [as _ttyWrite] (node:internal/readline/interface:1132:18)
    at ReadStream.onkeypress (node:internal/readline/interface:271:20)
    at ReadStream.emit (node:events:530:35)
    at emitKeys (node:internal/readline/utils:370:14)
    at emitKeys.next (<anonymous>)
    at ReadStream.onData (node:internal/readline/emitKeypressEvents:64:36)
    at ReadStream.emit (node:events:518:28)
    at addChunk (node:internal/streams/readable:561:12)
[error] 
[error] Error: An unexpected error has occurred.
